Traceback (most recent call last):
  File "/Users/hutong/newenv/lib/python3.9/site-packages/jupyter_cache/executors/utils.py", line 51, in single_nb_execution
    executenb(
  File "/Users/hutong/newenv/lib/python3.9/site-packages/nbclient/client.py", line 1204, in execute
    return NotebookClient(nb=nb, resources=resources, km=km, **kwargs).execute()
  File "/Users/hutong/newenv/lib/python3.9/site-packages/nbclient/util.py", line 84, in wrapped
    return just_run(coro(*args, **kwargs))
  File "/Users/hutong/newenv/lib/python3.9/site-packages/nbclient/util.py", line 62, in just_run
    return loop.run_until_complete(coro)
  File "/Library/Frameworks/Python.framework/Versions/3.9/lib/python3.9/asyncio/base_events.py", line 642, in run_until_complete
    return future.result()
  File "/Users/hutong/newenv/lib/python3.9/site-packages/nbclient/client.py", line 663, in async_execute
    await self.async_execute_cell(
  File "/Users/hutong/newenv/lib/python3.9/site-packages/nbclient/client.py", line 965, in async_execute_cell
    await self._check_raise_for_error(cell, cell_index, exec_reply)
  File "/Users/hutong/newenv/lib/python3.9/site-packages/nbclient/client.py", line 862, in _check_raise_for_error
    raise CellExecutionError.from_cell_and_msg(cell, exec_reply_content)
nbclient.exceptions.CellExecutionError: An error occurred while executing the following cell:
------------------
from PIL import Image
import numpy as np
import matplotlib.pyplot as plt

def threshold(imageArray):
    newArr = imageArray
    numOfPixel = 0    #åƒç´ ç‚¹ä¸ªæ•°
    sum = 0           #åƒç´ ç‚¹RGBå¹³å‡å€¼çš„å’Œ
    for eachRow in imageArray:
        for eachPix in eachRow:
            avgNum = (eachPix[0]+eachPix[1]+eachPix[2])/3
            numOfPixel = numOfPixel+1
            sum = sum+avgNum

    avg = sum/numOfPixel

    for eachRow in imageArray:
        for eachPix in eachRow:
            if (eachPix[0]+eachPix[1]+eachPix[2])/3 > avg:
                eachPix[0] = 255
                eachPix[1] = 255
                eachPix[2] = 255
            else:
                eachPix[0] = 0
                eachPix[1] = 0
                eachPix[2] = 0

    return newArr

def createExamples():
    numbersWeHave = range(0,10)
    versionsWeHave = range(1,10)

    for eachNum in numbersWeHave:
        for eachVer in versionsWeHave:
            imgFilePath = 'images/numbers/' + str(eachNum) + '.' + str(eachVer) + '.png'
            print(imgFilePath)

i1 = Image.open('images/numbers/y0.4.png')

iar1 = np.array(i1)

iar2 = np.array(i1)

threshold(iar1)

ax1 = plt.subplot2grid((8,6), (0,0), rowspan=4, colspan=3)

ax2= plt.subplot2grid((8,6), (0,3), rowspan=4, colspan=3)


ax1.imshow(iar1)
ax2.imshow(iar2)


plt.show()

#createExamples()




------------------

[0;31m---------------------------------------------------------------------------[0m
[0;31mFileNotFoundError[0m                         Traceback (most recent call last)
Cell [0;32mIn [1], line 39[0m
[1;32m     36[0m             imgFilePath [38;5;241m=[39m [38;5;124m'[39m[38;5;124mimages/numbers/[39m[38;5;124m'[39m [38;5;241m+[39m [38;5;28mstr[39m(eachNum) [38;5;241m+[39m [38;5;124m'[39m[38;5;124m.[39m[38;5;124m'[39m [38;5;241m+[39m [38;5;28mstr[39m(eachVer) [38;5;241m+[39m [38;5;124m'[39m[38;5;124m.png[39m[38;5;124m'[39m
[1;32m     37[0m             [38;5;28mprint[39m(imgFilePath)
[0;32m---> 39[0m i1 [38;5;241m=[39m [43mImage[49m[38;5;241;43m.[39;49m[43mopen[49m[43m([49m[38;5;124;43m'[39;49m[38;5;124;43mimages/numbers/y0.4.png[39;49m[38;5;124;43m'[39;49m[43m)[49m
[1;32m     41[0m iar1 [38;5;241m=[39m np[38;5;241m.[39marray(i1)
[1;32m     43[0m iar2 [38;5;241m=[39m np[38;5;241m.[39marray(i1)

File [0;32m~/newenv/lib/python3.9/site-packages/PIL/Image.py:3131[0m, in [0;36mopen[0;34m(fp, mode, formats)[0m
[1;32m   3128[0m     filename [38;5;241m=[39m fp
[1;32m   3130[0m [38;5;28;01mif[39;00m filename:
[0;32m-> 3131[0m     fp [38;5;241m=[39m [43mbuiltins[49m[38;5;241;43m.[39;49m[43mopen[49m[43m([49m[43mfilename[49m[43m,[49m[43m [49m[38;5;124;43m"[39;49m[38;5;124;43mrb[39;49m[38;5;124;43m"[39;49m[43m)[49m
[1;32m   3132[0m     exclusive_fp [38;5;241m=[39m [38;5;28;01mTrue[39;00m
[1;32m   3134[0m [38;5;28;01mtry[39;00m:

[0;31mFileNotFoundError[0m: [Errno 2] No such file or directory: 'images/numbers/y0.4.png'
FileNotFoundError: [Errno 2] No such file or directory: 'images/numbers/y0.4.png'

