Traceback (most recent call last):
  File "/Users/hutong/newenv/lib/python3.9/site-packages/jupyter_cache/executors/utils.py", line 51, in single_nb_execution
    executenb(
  File "/Users/hutong/newenv/lib/python3.9/site-packages/nbclient/client.py", line 1204, in execute
    return NotebookClient(nb=nb, resources=resources, km=km, **kwargs).execute()
  File "/Users/hutong/newenv/lib/python3.9/site-packages/nbclient/util.py", line 84, in wrapped
    return just_run(coro(*args, **kwargs))
  File "/Users/hutong/newenv/lib/python3.9/site-packages/nbclient/util.py", line 62, in just_run
    return loop.run_until_complete(coro)
  File "/Library/Frameworks/Python.framework/Versions/3.9/lib/python3.9/asyncio/base_events.py", line 642, in run_until_complete
    return future.result()
  File "/Users/hutong/newenv/lib/python3.9/site-packages/nbclient/client.py", line 663, in async_execute
    await self.async_execute_cell(
  File "/Users/hutong/newenv/lib/python3.9/site-packages/nbclient/client.py", line 965, in async_execute_cell
    await self._check_raise_for_error(cell, cell_index, exec_reply)
  File "/Users/hutong/newenv/lib/python3.9/site-packages/nbclient/client.py", line 862, in _check_raise_for_error
    raise CellExecutionError.from_cell_and_msg(cell, exec_reply_content)
nbclient.exceptions.CellExecutionError: An error occurred while executing the following cell:
------------------
import cv2
img = cv2.imread('beach.jpeg') 

totalCol= img.shape[1]  #image width
totalRow= img.shape[0] #image height

print(totalCol, totalRow) #print image width and height

for i in range(4):
  for j in range(4):
    print(img[i,j])    #æ‰“å°å›¾ç‰‡çš„[B,G,R]ä¿¡æ¯
------------------

[0;31m---------------------------------------------------------------------------[0m
[0;31mModuleNotFoundError[0m                       Traceback (most recent call last)
Cell [0;32mIn [1], line 1[0m
[0;32m----> 1[0m [38;5;28;01mimport[39;00m [38;5;21;01mcv2[39;00m
[1;32m      2[0m img [38;5;241m=[39m cv2[38;5;241m.[39mimread([38;5;124m'[39m[38;5;124mbeach.jpeg[39m[38;5;124m'[39m) 
[1;32m      4[0m totalCol[38;5;241m=[39m img[38;5;241m.[39mshape[[38;5;241m1[39m]  [38;5;66;03m#image width[39;00m

[0;31mModuleNotFoundError[0m: No module named 'cv2'
ModuleNotFoundError: No module named 'cv2'

