Traceback (most recent call last):
  File "/Users/hutong/newenv/lib/python3.9/site-packages/jupyter_cache/executors/utils.py", line 51, in single_nb_execution
    executenb(
  File "/Users/hutong/newenv/lib/python3.9/site-packages/nbclient/client.py", line 1204, in execute
    return NotebookClient(nb=nb, resources=resources, km=km, **kwargs).execute()
  File "/Users/hutong/newenv/lib/python3.9/site-packages/nbclient/util.py", line 84, in wrapped
    return just_run(coro(*args, **kwargs))
  File "/Users/hutong/newenv/lib/python3.9/site-packages/nbclient/util.py", line 62, in just_run
    return loop.run_until_complete(coro)
  File "/Library/Frameworks/Python.framework/Versions/3.9/lib/python3.9/asyncio/base_events.py", line 642, in run_until_complete
    return future.result()
  File "/Users/hutong/newenv/lib/python3.9/site-packages/nbclient/client.py", line 663, in async_execute
    await self.async_execute_cell(
  File "/Users/hutong/newenv/lib/python3.9/site-packages/nbclient/client.py", line 965, in async_execute_cell
    await self._check_raise_for_error(cell, cell_index, exec_reply)
  File "/Users/hutong/newenv/lib/python3.9/site-packages/nbclient/client.py", line 862, in _check_raise_for_error
    raise CellExecutionError.from_cell_and_msg(cell, exec_reply_content)
nbclient.exceptions.CellExecutionError: An error occurred while executing the following cell:
------------------
import cv2

img = cv2.imread('paris.jpeg') #read the beautiful image of golden gate bridge

img_width= img.shape[1]  #image width
img_height= img.shape[0] #image height

print(img_width, img_height) #print image width and height

blue = img[100, 200, 0] #get the value of blue channel of pixel at row 100, column 200
green = img[100, 200, 1] # get the value of green channel of the same pixel
red = img[100, 200, 2]  #get the value of red channel of the same pixel

print(blue, green, red) #print the pixel's RGB value

img[100, 200] = [255, 255, 255]

for row in range(img_height):
    for col in range(img_width):
        blue = img[row, col, 0]
        green = img[row, col, 1]
        red = img[row, col, 2]

        r = 0.393*red+0.769*green+0.189*blue
        g = 0.349*red+0.686*green+0.168*blue
        b = 0.272*red+0.534*green+0.131*blue
        #print(blue, green, red)
        #color = (blue+green+red)/3
        img[row, col] = [r, g, b]

cv2.imshow("Demo", img)
cv2.imwrite('1.png', img)


k=cv2.waitKey(0)

if k==27:
    cv2.destroyAllWindows()



------------------

[0;31m---------------------------------------------------------------------------[0m
[0;31mModuleNotFoundError[0m                       Traceback (most recent call last)
Cell [0;32mIn [1], line 1[0m
[0;32m----> 1[0m [38;5;28;01mimport[39;00m [38;5;21;01mcv2[39;00m
[1;32m      3[0m img [38;5;241m=[39m cv2[38;5;241m.[39mimread([38;5;124m'[39m[38;5;124mparis.jpeg[39m[38;5;124m'[39m) [38;5;66;03m#read the beautiful image of golden gate bridge[39;00m
[1;32m      5[0m img_width[38;5;241m=[39m img[38;5;241m.[39mshape[[38;5;241m1[39m]  [38;5;66;03m#image width[39;00m

[0;31mModuleNotFoundError[0m: No module named 'cv2'
ModuleNotFoundError: No module named 'cv2'

